INFO:freshpoint_sync.client:Starting new client session for "https://my.freshpoint.cz".
INFO:freshpoint_sync.client:Fetching data from "https://my.freshpoint.cz/device/product-list/296"
INFO:freshpoint_sync.client:Fetching data from "https://my.freshpoint.cz/device/product-list/296"
INFO:freshpoint_sync.client:Fetching data from "https://my.freshpoint.cz/device/product-list/296"
INFO:freshpoint_sync.client:Fetching data from "https://my.freshpoint.cz/device/product-list/296"
INFO:freshpoint_sync.client:Fetching data from "https://my.freshpoint.cz/device/product-list/296"
INFO:freshpoint_sync.client:Closing client session for "https://my.freshpoint.cz".
DEBUG:asyncio:Using proactor: IocpProactor
INFO:freshpoint_sync.client:Starting new client session for "https://my.freshpoint.cz".
DEBUG:freshpoint_sync.client:Successfully opened client session for "https://my.freshpoint.cz".
INFO:freshpoint_sync.client:Fetching data from "https://my.freshpoint.cz/device/product-list/296"
DEBUG:freshpoint_sync.client:Successfully fetched data from "https://my.freshpoint.cz/device/product-list/296"
INFO:freshpoint_sync.client:Fetching data from "https://my.freshpoint.cz/device/product-list/296"
DEBUG:freshpoint_sync.client:Successfully fetched data from "https://my.freshpoint.cz/device/product-list/296"
INFO:freshpoint_sync.client:Fetching data from "https://my.freshpoint.cz/device/product-list/296"
DEBUG:freshpoint_sync.client:Successfully fetched data from "https://my.freshpoint.cz/device/product-list/296"
INFO:freshpoint_sync.client:Fetching data from "https://my.freshpoint.cz/device/product-list/296"
DEBUG:freshpoint_sync.client:Successfully fetched data from "https://my.freshpoint.cz/device/product-list/296"
INFO:freshpoint_sync.client:Fetching data from "https://my.freshpoint.cz/device/product-list/296"
DEBUG:freshpoint_sync.client:Successfully fetched data from "https://my.freshpoint.cz/device/product-list/296"
INFO:freshpoint_sync.client:Fetching data from "https://my.freshpoint.cz/device/product-list/296"
DEBUG:freshpoint_sync.client:Successfully fetched data from "https://my.freshpoint.cz/device/product-list/296"
INFO:freshpoint_sync.client:Closing client session for "https://my.freshpoint.cz".
DEBUG:freshpoint_sync.client:Successfully closed client session for "https://my.freshpoint.cz".
DEBUG:asyncio:Using proactor: IocpProactor
INFO:freshpoint_sync.client:Starting new client session for "https://my.freshpoint.cz".
DEBUG:freshpoint_sync.client:Successfully opened client session for "https://my.freshpoint.cz".
INFO:freshpoint_sync.client:Fetching data from "https://my.freshpoint.cz/device/product-list/296"
DEBUG:freshpoint_sync.client:Successfully fetched data from "https://my.freshpoint.cz/device/product-list/296"
INFO:freshpoint_sync.client:Fetching data from "https://my.freshpoint.cz/device/product-list/296"
DEBUG:freshpoint_sync.client:Successfully fetched data from "https://my.freshpoint.cz/device/product-list/296"
INFO:freshpoint_sync.client:Fetching data from "https://my.freshpoint.cz/device/product-list/296"
DEBUG:freshpoint_sync.client:Successfully fetched data from "https://my.freshpoint.cz/device/product-list/296"
INFO:freshpoint_sync.client:Fetching data from "https://my.freshpoint.cz/device/product-list/296"
DEBUG:freshpoint_sync.client:Successfully fetched data from "https://my.freshpoint.cz/device/product-list/296"
INFO:freshpoint_sync.client:Closing client session for "https://my.freshpoint.cz".
DEBUG:asyncio:Using proactor: IocpProactor
INFO:freshpoint_sync.client:Starting new client session for "https://my.freshpoint.cz".
DEBUG:freshpoint_sync.client:Successfully opened client session for "https://my.freshpoint.cz".
INFO:freshpoint_sync.client:Fetching data from "https://my.freshpoint.cz/device/product-list/296"
DEBUG:freshpoint_sync.client:Successfully fetched data from "https://my.freshpoint.cz/device/product-list/296"
INFO:freshpoint_sync.client:Fetching data from "https://my.freshpoint.cz/device/product-list/296"
DEBUG:freshpoint_sync.client:Successfully fetched data from "https://my.freshpoint.cz/device/product-list/296"
INFO:freshpoint_sync.client:Fetching data from "https://my.freshpoint.cz/device/product-list/296"
DEBUG:freshpoint_sync.client:Successfully fetched data from "https://my.freshpoint.cz/device/product-list/296"
INFO:freshpoint_sync.client:Fetching data from "https://my.freshpoint.cz/device/product-list/296"
DEBUG:freshpoint_sync.client:Successfully fetched data from "https://my.freshpoint.cz/device/product-list/296"
INFO:freshpoint_sync.client:Fetching data from "https://my.freshpoint.cz/device/product-list/296"
DEBUG:freshpoint_sync.client:Successfully fetched data from "https://my.freshpoint.cz/device/product-list/296"
INFO:freshpoint_sync.client:Fetching data from "https://my.freshpoint.cz/device/product-list/296"
DEBUG:freshpoint_sync.client:Successfully fetched data from "https://my.freshpoint.cz/device/product-list/296"
INFO:freshpoint_sync.client:Fetching data from "https://my.freshpoint.cz/device/product-list/296"
DEBUG:freshpoint_sync.client:Successfully fetched data from "https://my.freshpoint.cz/device/product-list/296"
INFO:freshpoint_sync.client:Fetching data from "https://my.freshpoint.cz/device/product-list/296"
DEBUG:freshpoint_sync.client:Successfully fetched data from "https://my.freshpoint.cz/device/product-list/296"
INFO:freshpoint_sync.client:Fetching data from "https://my.freshpoint.cz/device/product-list/296"
DEBUG:freshpoint_sync.client:Successfully fetched data from "https://my.freshpoint.cz/device/product-list/296"
INFO:freshpoint_sync.client:Fetching data from "https://my.freshpoint.cz/device/product-list/296"
DEBUG:freshpoint_sync.client:Successfully fetched data from "https://my.freshpoint.cz/device/product-list/296"
INFO:freshpoint_sync.client:Fetching data from "https://my.freshpoint.cz/device/product-list/296"
DEBUG:freshpoint_sync.client:Successfully fetched data from "https://my.freshpoint.cz/device/product-list/296"
INFO:freshpoint_sync.client:Fetching data from "https://my.freshpoint.cz/device/product-list/296"
DEBUG:freshpoint_sync.client:Successfully fetched data from "https://my.freshpoint.cz/device/product-list/296"
INFO:freshpoint_sync.client:Fetching data from "https://my.freshpoint.cz/device/product-list/296"
DEBUG:freshpoint_sync.client:Successfully fetched data from "https://my.freshpoint.cz/device/product-list/296"
INFO:freshpoint_sync.client:Fetching data from "https://my.freshpoint.cz/device/product-list/296"
DEBUG:freshpoint_sync.client:Successfully fetched data from "https://my.freshpoint.cz/device/product-list/296"
INFO:freshpoint_sync.client:Fetching data from "https://my.freshpoint.cz/device/product-list/296"
DEBUG:freshpoint_sync.client:Successfully fetched data from "https://my.freshpoint.cz/device/product-list/296"
INFO:freshpoint_sync.client:Closing client session for "https://my.freshpoint.cz".
DEBUG:freshpoint_sync.client:Successfully closed client session for "https://my.freshpoint.cz".
DEBUG:asyncio:Using proactor: IocpProactor
INFO:freshpoint_sync.client:Starting new client session for "https://my.freshpoint.cz".
DEBUG:freshpoint_sync.client:Successfully opened client session for "https://my.freshpoint.cz".
INFO:freshpoint_sync.client:Fetching data from "https://my.freshpoint.cz/device/product-list/296"
DEBUG:freshpoint_sync.client:Successfully fetched data from "https://my.freshpoint.cz/device/product-list/296"
INFO:freshpoint_sync.client:Fetching data from "https://my.freshpoint.cz/device/product-list/296"
DEBUG:freshpoint_sync.client:Successfully fetched data from "https://my.freshpoint.cz/device/product-list/296"
INFO:freshpoint_sync.client:Fetching data from "https://my.freshpoint.cz/device/product-list/296"
DEBUG:freshpoint_sync.client:Successfully fetched data from "https://my.freshpoint.cz/device/product-list/296"
INFO:freshpoint_sync.client:Fetching data from "https://my.freshpoint.cz/device/product-list/296"
DEBUG:freshpoint_sync.client:Successfully fetched data from "https://my.freshpoint.cz/device/product-list/296"
INFO:freshpoint_sync.client:Fetching data from "https://my.freshpoint.cz/device/product-list/296"
DEBUG:freshpoint_sync.client:Successfully fetched data from "https://my.freshpoint.cz/device/product-list/296"
INFO:freshpoint_sync.client:Fetching data from "https://my.freshpoint.cz/device/product-list/296"
DEBUG:freshpoint_sync.client:Successfully fetched data from "https://my.freshpoint.cz/device/product-list/296"
INFO:freshpoint_sync.client:Fetching data from "https://my.freshpoint.cz/device/product-list/296"
DEBUG:freshpoint_sync.client:Successfully fetched data from "https://my.freshpoint.cz/device/product-list/296"
INFO:freshpoint_sync.client:Fetching data from "https://my.freshpoint.cz/device/product-list/296"
DEBUG:freshpoint_sync.client:Successfully fetched data from "https://my.freshpoint.cz/device/product-list/296"
INFO:freshpoint_sync.client:Fetching data from "https://my.freshpoint.cz/device/product-list/296"
DEBUG:freshpoint_sync.client:Successfully fetched data from "https://my.freshpoint.cz/device/product-list/296"
INFO:freshpoint_sync.client:Fetching data from "https://my.freshpoint.cz/device/product-list/296"
DEBUG:freshpoint_sync.client:Successfully fetched data from "https://my.freshpoint.cz/device/product-list/296"
INFO:freshpoint_sync.client:Fetching data from "https://my.freshpoint.cz/device/product-list/296"
DEBUG:freshpoint_sync.client:Successfully fetched data from "https://my.freshpoint.cz/device/product-list/296"
INFO:freshpoint_sync.client:Fetching data from "https://my.freshpoint.cz/device/product-list/296"
DEBUG:freshpoint_sync.client:Successfully fetched data from "https://my.freshpoint.cz/device/product-list/296"
INFO:freshpoint_sync.client:Fetching data from "https://my.freshpoint.cz/device/product-list/296"
INFO:freshpoint_sync.client:Closing client session for "https://my.freshpoint.cz".
DEBUG:freshpoint_sync.client:Successfully closed client session for "https://my.freshpoint.cz".
DEBUG:asyncio:Using proactor: IocpProactor
WARNING:root:Task "fetch" failed (Client session is not initialized or is closed.)
DEBUG:freshpoint_sync.client:Client session for "https://my.freshpoint.cz" is already closed.
DEBUG:asyncio:Using proactor: IocpProactor
INFO:freshpoint_sync.client:Starting new client session for "https://my.freshpoint.cz".
DEBUG:freshpoint_sync.client:Successfully opened client session for "https://my.freshpoint.cz".
INFO:freshpoint_sync.client:Fetching data from "https://my.freshpoint.cz/device/product-list/None"
DEBUG:freshpoint_sync.client:Successfully fetched data from "https://my.freshpoint.cz/"
INFO:freshpoint_sync.client:Fetching data from "https://my.freshpoint.cz/device/product-list/None"
DEBUG:freshpoint_sync.client:Successfully fetched data from "https://my.freshpoint.cz/"
INFO:freshpoint_sync.client:Fetching data from "https://my.freshpoint.cz/device/product-list/None"
DEBUG:freshpoint_sync.client:Successfully fetched data from "https://my.freshpoint.cz/"
INFO:freshpoint_sync.client:Fetching data from "https://my.freshpoint.cz/device/product-list/None"
DEBUG:freshpoint_sync.client:Successfully fetched data from "https://my.freshpoint.cz/"
INFO:freshpoint_sync.client:Closing client session for "https://my.freshpoint.cz".
DEBUG:freshpoint_sync.client:Successfully closed client session for "https://my.freshpoint.cz".
DEBUG:asyncio:Using proactor: IocpProactor
INFO:freshpoint_sync.client:Starting new client session for "https://my.freshpoint.cz".
DEBUG:freshpoint_sync.client:Successfully opened client session for "https://my.freshpoint.cz".
INFO:freshpoint_sync.client:Fetching data from "https://my.freshpoint.cz/device/product-list/296"
DEBUG:freshpoint_sync.client:Successfully fetched data from "https://my.freshpoint.cz/device/product-list/296"
INFO:freshpoint_sync.client:Fetching data from "https://my.freshpoint.cz/device/product-list/296"
DEBUG:freshpoint_sync.client:Successfully fetched data from "https://my.freshpoint.cz/device/product-list/296"
INFO:freshpoint_sync.client:Closing client session for "https://my.freshpoint.cz".
DEBUG:freshpoint_sync.client:Successfully closed client session for "https://my.freshpoint.cz".
DEBUG:asyncio:Using proactor: IocpProactor
WARNING:root:Task "fetch" failed (Client session is not initialized or is closed.)
DEBUG:freshpoint_sync.client:Client session for "https://my.freshpoint.cz" is already closed.
DEBUG:asyncio:Using proactor: IocpProactor
INFO:freshpoint_sync.client:Starting new client session for "https://my.freshpoint.cz".
DEBUG:freshpoint_sync.client:Successfully opened client session for "https://my.freshpoint.cz".
INFO:freshpoint_sync.client:Fetching data from "https://my.freshpoint.cz/device/product-list/296"
DEBUG:freshpoint_sync.client:Successfully fetched data from "https://my.freshpoint.cz/device/product-list/296"
INFO:freshpoint_sync.client:Closing client session for "https://my.freshpoint.cz".
DEBUG:freshpoint_sync.client:Successfully closed client session for "https://my.freshpoint.cz".
DEBUG:asyncio:Using proactor: IocpProactor
INFO:freshpoint_sync.client:Starting new client session for "https://my.freshpoint.cz".
DEBUG:freshpoint_sync.client:Successfully opened client session for "https://my.freshpoint.cz".
INFO:freshpoint_sync.client:Fetching data from "https://my.freshpoint.cz/device/product-list/296"
DEBUG:freshpoint_sync.client:Successfully fetched data from "https://my.freshpoint.cz/device/product-list/296"
INFO:freshpoint_sync.client:Closing client session for "https://my.freshpoint.cz".
DEBUG:freshpoint_sync.client:Successfully closed client session for "https://my.freshpoint.cz".
DEBUG:asyncio:Using proactor: IocpProactor
INFO:freshpoint_sync.client:Starting new client session for "https://my.freshpoint.cz".
DEBUG:freshpoint_sync.client:Successfully opened client session for "https://my.freshpoint.cz".
INFO:freshpoint_sync.client:Fetching data from "https://my.freshpoint.cz/device/product-list/None"
DEBUG:freshpoint_sync.client:Successfully fetched data from "https://my.freshpoint.cz/"
INFO:freshpoint_sync.client:Closing client session for "https://my.freshpoint.cz".
DEBUG:freshpoint_sync.client:Successfully closed client session for "https://my.freshpoint.cz".
DEBUG:asyncio:Using proactor: IocpProactor
INFO:freshpoint_sync.client:Starting new client session for "https://my.freshpoint.cz".
DEBUG:freshpoint_sync.client:Successfully opened client session for "https://my.freshpoint.cz".
INFO:freshpoint_sync.client:Fetching data from "https://my.freshpoint.cz/device/product-list/None"
DEBUG:freshpoint_sync.client:Successfully fetched data from "https://my.freshpoint.cz/"
INFO:freshpoint_sync.client:Fetching data from "https://my.freshpoint.cz/device/product-list/None"
DEBUG:freshpoint_sync.client:Successfully fetched data from "https://my.freshpoint.cz/"
INFO:freshpoint_sync.client:Fetching data from "https://my.freshpoint.cz/device/product-list/None"
INFO:freshpoint_sync.client:Closing client session for "https://my.freshpoint.cz".
DEBUG:freshpoint_sync.client:Successfully closed client session for "https://my.freshpoint.cz".
DEBUG:asyncio:Using proactor: IocpProactor
INFO:freshpoint_sync.client:Starting new client session for "https://my.freshpoint.cz".
DEBUG:freshpoint_sync.client:Successfully opened client session for "https://my.freshpoint.cz".
INFO:freshpoint_sync.client:Fetching data from "https://my.freshpoint.cz/device/product-list/296"
DEBUG:freshpoint_sync.client:Successfully fetched data from "https://my.freshpoint.cz/device/product-list/296"
INFO:freshpoint_sync.client:Fetching data from "https://my.freshpoint.cz/device/product-list/296"
DEBUG:freshpoint_sync.client:Successfully fetched data from "https://my.freshpoint.cz/device/product-list/296"
INFO:freshpoint_sync.client:Fetching data from "https://my.freshpoint.cz/device/product-list/296"
DEBUG:freshpoint_sync.client:Successfully fetched data from "https://my.freshpoint.cz/device/product-list/296"
INFO:freshpoint_sync.client:Closing client session for "https://my.freshpoint.cz".
DEBUG:freshpoint_sync.client:Successfully closed client session for "https://my.freshpoint.cz".
DEBUG:asyncio:Using proactor: IocpProactor
INFO:freshpoint_sync.client:Starting new client session for "https://my.freshpoint.cz".
DEBUG:freshpoint_sync.client:Successfully opened client session for "https://my.freshpoint.cz".
INFO:freshpoint_sync.client:Fetching data from "https://my.freshpoint.cz/device/product-list/296"
DEBUG:freshpoint_sync.client:Successfully fetched data from "https://my.freshpoint.cz/device/product-list/296"
INFO:freshpoint_sync.client:Closing client session for "https://my.freshpoint.cz".
DEBUG:freshpoint_sync.client:Successfully closed client session for "https://my.freshpoint.cz".
DEBUG:asyncio:Using proactor: IocpProactor
INFO:freshpoint_sync.client:Starting new client session for "https://my.freshpoint.cz".
DEBUG:freshpoint_sync.client:Successfully opened client session for "https://my.freshpoint.cz".
INFO:freshpoint_sync.client:Fetching data from "https://my.freshpoint.cz/device/product-list/296"
DEBUG:freshpoint_sync.client:Successfully fetched data from "https://my.freshpoint.cz/device/product-list/296"
INFO:freshpoint_sync.client:Closing client session for "https://my.freshpoint.cz".
DEBUG:freshpoint_sync.client:Successfully closed client session for "https://my.freshpoint.cz".
DEBUG:asyncio:Using proactor: IocpProactor
INFO:freshpoint_sync.client:Starting new client session for "https://my.freshpoint.cz".
DEBUG:freshpoint_sync.client:Successfully opened client session for "https://my.freshpoint.cz".
INFO:freshpoint_sync.client:Fetching data from "https://my.freshpoint.cz/device/product-list/296"
DEBUG:freshpoint_sync.client:Successfully fetched data from "https://my.freshpoint.cz/device/product-list/296"
INFO:freshpoint_sync.client:Closing client session for "https://my.freshpoint.cz".
DEBUG:freshpoint_sync.client:Successfully closed client session for "https://my.freshpoint.cz".
DEBUG:asyncio:Using proactor: IocpProactor
INFO:freshpoint_sync.client:Starting new client session for "https://my.freshpoint.cz".
DEBUG:freshpoint_sync.client:Successfully opened client session for "https://my.freshpoint.cz".
INFO:freshpoint_sync.client:Fetching data from "https://my.freshpoint.cz/device/product-list/None"
DEBUG:freshpoint_sync.client:Successfully fetched data from "https://my.freshpoint.cz/"
INFO:freshpoint_sync.client:Closing client session for "https://my.freshpoint.cz".
DEBUG:freshpoint_sync.client:Successfully closed client session for "https://my.freshpoint.cz".
DEBUG:asyncio:Using proactor: IocpProactor
INFO:freshpoint_sync.client:Starting new client session for "https://my.freshpoint.cz".
DEBUG:freshpoint_sync.client:Successfully opened client session for "https://my.freshpoint.cz".
INFO:freshpoint_sync.client:Fetching data from "https://my.freshpoint.cz/device/product-list/None"
DEBUG:freshpoint_sync.client:Successfully fetched data from "https://my.freshpoint.cz/"
INFO:freshpoint_sync.client:Closing client session for "https://my.freshpoint.cz".
DEBUG:freshpoint_sync.client:Successfully closed client session for "https://my.freshpoint.cz".
DEBUG:asyncio:Using proactor: IocpProactor
INFO:freshpoint_sync.client:Starting new client session for "https://my.freshpoint.cz".
DEBUG:freshpoint_sync.client:Successfully opened client session for "https://my.freshpoint.cz".
INFO:freshpoint_sync.client:Fetching data from "https://my.freshpoint.cz/device/product-list/None"
DEBUG:freshpoint_sync.client:Successfully fetched data from "https://my.freshpoint.cz/"
INFO:freshpoint_sync.client:Closing client session for "https://my.freshpoint.cz".
DEBUG:freshpoint_sync.client:Successfully closed client session for "https://my.freshpoint.cz".
DEBUG:asyncio:Using proactor: IocpProactor
INFO:freshpoint_sync.client:Starting new client session for "https://my.freshpoint.cz".
DEBUG:freshpoint_sync.client:Successfully opened client session for "https://my.freshpoint.cz".
INFO:freshpoint_sync.client:Fetching data from "https://my.freshpoint.cz/device/product-list/None"
DEBUG:freshpoint_sync.client:Successfully fetched data from "https://my.freshpoint.cz/"
INFO:freshpoint_sync.client:Fetching data from "https://my.freshpoint.cz/device/product-list/None"
DEBUG:freshpoint_sync.client:Successfully fetched data from "https://my.freshpoint.cz/"
INFO:freshpoint_sync.client:Closing client session for "https://my.freshpoint.cz".
DEBUG:freshpoint_sync.client:Successfully closed client session for "https://my.freshpoint.cz".
DEBUG:asyncio:Using proactor: IocpProactor
INFO:freshpoint_sync.client:Starting new client session for "https://my.freshpoint.cz".
DEBUG:freshpoint_sync.client:Successfully opened client session for "https://my.freshpoint.cz".
INFO:freshpoint_sync.client:Fetching data from "https://my.freshpoint.cz/device/product-list/296"
DEBUG:freshpoint_sync.client:Successfully fetched data from "https://my.freshpoint.cz/device/product-list/296"
INFO:freshpoint_sync.client:Fetching data from "https://my.freshpoint.cz/device/product-list/296"
DEBUG:freshpoint_sync.client:Successfully fetched data from "https://my.freshpoint.cz/device/product-list/296"
INFO:freshpoint_sync.client:Closing client session for "https://my.freshpoint.cz".
DEBUG:freshpoint_sync.client:Successfully closed client session for "https://my.freshpoint.cz".
DEBUG:asyncio:Using proactor: IocpProactor
INFO:freshpoint_sync.client:Starting new client session for "https://my.freshpoint.cz".
DEBUG:freshpoint_sync.client:Successfully opened client session for "https://my.freshpoint.cz".
INFO:freshpoint_sync.client:Fetching data from "https://my.freshpoint.cz/device/product-list/296"
DEBUG:freshpoint_sync.client:Successfully fetched data from "https://my.freshpoint.cz/device/product-list/296"
INFO:freshpoint_sync.client:Fetching data from "https://my.freshpoint.cz/device/product-list/296"
DEBUG:freshpoint_sync.client:Successfully fetched data from "https://my.freshpoint.cz/device/product-list/296"
INFO:freshpoint_sync.client:Fetching data from "https://my.freshpoint.cz/device/product-list/296"
DEBUG:freshpoint_sync.client:Successfully fetched data from "https://my.freshpoint.cz/device/product-list/296"
INFO:freshpoint_sync.client:Closing client session for "https://my.freshpoint.cz".
DEBUG:freshpoint_sync.client:Successfully closed client session for "https://my.freshpoint.cz".
DEBUG:asyncio:Using proactor: IocpProactor
INFO:freshpoint_sync.client:Starting new client session for "https://my.freshpoint.cz".
DEBUG:freshpoint_sync.client:Successfully opened client session for "https://my.freshpoint.cz".
INFO:freshpoint_sync.client:Fetching data from "https://my.freshpoint.cz/device/product-list/296"
DEBUG:freshpoint_sync.client:Successfully fetched data from "https://my.freshpoint.cz/device/product-list/296"
INFO:freshpoint_sync.client:Fetching data from "https://my.freshpoint.cz/device/product-list/296"
DEBUG:freshpoint_sync.client:Successfully fetched data from "https://my.freshpoint.cz/device/product-list/296"
INFO:freshpoint_sync.client:Fetching data from "https://my.freshpoint.cz/device/product-list/296"
DEBUG:freshpoint_sync.client:Successfully fetched data from "https://my.freshpoint.cz/device/product-list/296"
INFO:freshpoint_sync.client:Closing client session for "https://my.freshpoint.cz".
DEBUG:freshpoint_sync.client:Successfully closed client session for "https://my.freshpoint.cz".
DEBUG:asyncio:Using proactor: IocpProactor
INFO:freshpoint_sync.client:Starting new client session for "https://my.freshpoint.cz".
DEBUG:freshpoint_sync.client:Successfully opened client session for "https://my.freshpoint.cz".
INFO:freshpoint_sync.client:Fetching data from "https://my.freshpoint.cz/device/product-list/296"
DEBUG:freshpoint_sync.client:Successfully fetched data from "https://my.freshpoint.cz/device/product-list/296"
INFO:freshpoint_sync.client:Fetching data from "https://my.freshpoint.cz/device/product-list/296"
DEBUG:freshpoint_sync.client:Successfully fetched data from "https://my.freshpoint.cz/device/product-list/296"
INFO:freshpoint_sync.client:Fetching data from "https://my.freshpoint.cz/device/product-list/296"
DEBUG:freshpoint_sync.client:Successfully fetched data from "https://my.freshpoint.cz/device/product-list/296"
INFO:freshpoint_sync.client:Closing client session for "https://my.freshpoint.cz".
DEBUG:freshpoint_sync.client:Successfully closed client session for "https://my.freshpoint.cz".
DEBUG:asyncio:Using proactor: IocpProactor
DEBUG:asyncio:Using proactor: IocpProactor
DEBUG:asyncio:Using proactor: IocpProactor
INFO:freshpoint_sync.client:Starting new client session for "https://my.freshpoint.cz".
DEBUG:freshpoint_sync.client:Successfully opened client session for "https://my.freshpoint.cz".
INFO:freshpoint_sync.client:Fetching data from "https://my.freshpoint.cz/device/product-list/296"
DEBUG:freshpoint_sync.client:Successfully fetched data from "https://my.freshpoint.cz/device/product-list/296"
INFO:freshpoint_sync.client:Fetching data from "https://my.freshpoint.cz/device/product-list/296"
DEBUG:freshpoint_sync.client:Successfully fetched data from "https://my.freshpoint.cz/device/product-list/296"
INFO:freshpoint_sync.client:Closing client session for "https://my.freshpoint.cz".
DEBUG:freshpoint_sync.client:Successfully closed client session for "https://my.freshpoint.cz".
DEBUG:asyncio:Using proactor: IocpProactor
INFO:freshpoint_sync.client:Starting new client session for "https://my.freshpoint.cz".
DEBUG:freshpoint_sync.client:Successfully opened client session for "https://my.freshpoint.cz".
INFO:freshpoint_sync.client:Fetching data from "https://my.freshpoint.cz/device/product-list/296"
DEBUG:freshpoint_sync.client:Successfully fetched data from "https://my.freshpoint.cz/device/product-list/296"
INFO:freshpoint_sync.client:Closing client session for "https://my.freshpoint.cz".
DEBUG:freshpoint_sync.client:Successfully closed client session for "https://my.freshpoint.cz".
DEBUG:freshpoint_sync.product_page:Task "Task-8" has been cancelled
DEBUG:asyncio:Using proactor: IocpProactor
INFO:freshpoint_sync.client:Starting new client session for "https://my.freshpoint.cz".
DEBUG:freshpoint_sync.client:Successfully opened client session for "https://my.freshpoint.cz".
INFO:freshpoint_sync.client:Fetching data from "https://my.freshpoint.cz/device/product-list/296"
DEBUG:freshpoint_sync.client:Successfully fetched data from "https://my.freshpoint.cz/device/product-list/296"
INFO:freshpoint_sync.client:Closing client session for "https://my.freshpoint.cz".
DEBUG:freshpoint_sync.client:Successfully closed client session for "https://my.freshpoint.cz".
DEBUG:asyncio:Using proactor: IocpProactor
INFO:freshpoint_sync.client:Starting new client session for "https://my.freshpoint.cz".
DEBUG:freshpoint_sync.client:Successfully opened client session for "https://my.freshpoint.cz".
INFO:freshpoint_sync.client:Fetching data from "https://my.freshpoint.cz/device/product-list/296"
DEBUG:freshpoint_sync.client:Successfully fetched data from "https://my.freshpoint.cz/device/product-list/296"
INFO:freshpoint_sync.client:Closing client session for "https://my.freshpoint.cz".
DEBUG:freshpoint_sync.client:Successfully closed client session for "https://my.freshpoint.cz".
DEBUG:freshpoint_sync.product_page:Task "Task-8" has been cancelled
DEBUG:asyncio:Using proactor: IocpProactor
INFO:freshpoint_sync.client:Starting new client session for "https://my.freshpoint.cz".
DEBUG:freshpoint_sync.client:Successfully opened client session for "https://my.freshpoint.cz".
INFO:freshpoint_sync.client:Fetching data from "https://my.freshpoint.cz/device/product-list/296"
DEBUG:freshpoint_sync.client:Successfully fetched data from "https://my.freshpoint.cz/device/product-list/296"
INFO:freshpoint_sync.client:Closing client session for "https://my.freshpoint.cz".
DEBUG:freshpoint_sync.client:Successfully closed client session for "https://my.freshpoint.cz".
DEBUG:freshpoint_sync.product_page:Task "Task-8" has been cancelled
DEBUG:asyncio:Using proactor: IocpProactor
INFO:freshpoint_sync.client:Starting new client session for "https://my.freshpoint.cz".
DEBUG:freshpoint_sync.client:Successfully opened client session for "https://my.freshpoint.cz".
INFO:freshpoint_sync.client:Fetching data from "https://my.freshpoint.cz/device/product-list/296"
DEBUG:freshpoint_sync.client:Successfully fetched data from "https://my.freshpoint.cz/device/product-list/296"
INFO:freshpoint_sync.client:Closing client session for "https://my.freshpoint.cz".
DEBUG:freshpoint_sync.client:Successfully closed client session for "https://my.freshpoint.cz".
DEBUG:freshpoint_sync.product_page:Task "Task-8" has been cancelled
DEBUG:asyncio:Using proactor: IocpProactor
INFO:freshpoint_sync.client:Starting new client session for "https://my.freshpoint.cz".
DEBUG:freshpoint_sync.client:Successfully opened client session for "https://my.freshpoint.cz".
INFO:freshpoint_sync.client:Fetching data from "https://my.freshpoint.cz/device/product-list/296"
DEBUG:freshpoint_sync.client:Successfully fetched data from "https://my.freshpoint.cz/device/product-list/296"
INFO:freshpoint_sync.client:Closing client session for "https://my.freshpoint.cz".
DEBUG:freshpoint_sync.client:Successfully closed client session for "https://my.freshpoint.cz".
DEBUG:freshpoint_sync.product_page:Task "Task-8" has been cancelled
DEBUG:asyncio:Using proactor: IocpProactor
INFO:freshpoint_sync.client:Starting new client session for "https://my.freshpoint.cz".
DEBUG:freshpoint_sync.client:Successfully opened client session for "https://my.freshpoint.cz".
INFO:freshpoint_sync.client:Fetching data from "https://my.freshpoint.cz/device/product-list/296"
DEBUG:freshpoint_sync.client:Successfully fetched data from "https://my.freshpoint.cz/device/product-list/296"
INFO:freshpoint_sync.client:Closing client session for "https://my.freshpoint.cz".
DEBUG:freshpoint_sync.client:Successfully closed client session for "https://my.freshpoint.cz".
DEBUG:freshpoint_sync.product_page:Task "Task-8" has been cancelled
DEBUG:asyncio:Using proactor: IocpProactor
INFO:freshpoint_sync.client:Starting new client session for "https://my.freshpoint.cz".
DEBUG:freshpoint_sync.client:Successfully opened client session for "https://my.freshpoint.cz".
INFO:freshpoint_sync.client:Fetching data from "https://my.freshpoint.cz/device/product-list/296"
DEBUG:freshpoint_sync.client:Successfully fetched data from "https://my.freshpoint.cz/device/product-list/296"
INFO:freshpoint_sync.client:Closing client session for "https://my.freshpoint.cz".
DEBUG:freshpoint_sync.client:Successfully closed client session for "https://my.freshpoint.cz".
DEBUG:freshpoint_sync.product_page:Task "Task-8" has been cancelled
DEBUG:asyncio:Using proactor: IocpProactor
INFO:freshpoint_sync.client:Starting new client session for "https://my.freshpoint.cz".
DEBUG:freshpoint_sync.client:Successfully opened client session for "https://my.freshpoint.cz".
INFO:freshpoint_sync.client:Fetching data from "https://my.freshpoint.cz/device/product-list/296"
DEBUG:freshpoint_sync.client:Successfully fetched data from "https://my.freshpoint.cz/device/product-list/296"
INFO:freshpoint_sync.client:Closing client session for "https://my.freshpoint.cz".
DEBUG:freshpoint_sync.client:Successfully closed client session for "https://my.freshpoint.cz".
DEBUG:freshpoint_sync.product_page:Task "Task-8" has been cancelled
DEBUG:asyncio:Using proactor: IocpProactor
INFO:freshpoint_sync.client:Starting new client session for "https://my.freshpoint.cz".
DEBUG:freshpoint_sync.client:Successfully opened client session for "https://my.freshpoint.cz".
INFO:freshpoint_sync.client:Fetching data from "https://my.freshpoint.cz/device/product-list/296"
DEBUG:freshpoint_sync.client:Successfully fetched data from "https://my.freshpoint.cz/device/product-list/296"
INFO:freshpoint_sync.client:Closing client session for "https://my.freshpoint.cz".
DEBUG:freshpoint_sync.client:Successfully closed client session for "https://my.freshpoint.cz".
DEBUG:freshpoint_sync.product_page:Task "Task-8" has been cancelled
DEBUG:asyncio:Using proactor: IocpProactor
INFO:freshpoint_sync.client:Starting new client session for "https://my.freshpoint.cz".
DEBUG:freshpoint_sync.client:Successfully opened client session for "https://my.freshpoint.cz".
INFO:freshpoint_sync.client:Fetching data from "https://my.freshpoint.cz/device/product-list/296"
DEBUG:freshpoint_sync.client:Successfully fetched data from "https://my.freshpoint.cz/device/product-list/296"
INFO:freshpoint_sync.client:Fetching data from "https://my.freshpoint.cz/device/product-list/296"
DEBUG:freshpoint_sync.client:Successfully fetched data from "https://my.freshpoint.cz/device/product-list/296"
INFO:freshpoint_sync.client:Closing client session for "https://my.freshpoint.cz".
DEBUG:freshpoint_sync.client:Successfully closed client session for "https://my.freshpoint.cz".
DEBUG:asyncio:Using proactor: IocpProactor
INFO:freshpoint_sync.client:Starting new client session for "https://my.freshpoint.cz".
DEBUG:freshpoint_sync.client:Successfully opened client session for "https://my.freshpoint.cz".
INFO:freshpoint_sync.client:Fetching data from "https://my.freshpoint.cz/device/product-list/296"
DEBUG:freshpoint_sync.client:Successfully fetched data from "https://my.freshpoint.cz/device/product-list/296"
INFO:freshpoint_sync.client:Fetching data from "https://my.freshpoint.cz/device/product-list/296"
DEBUG:freshpoint_sync.client:Successfully fetched data from "https://my.freshpoint.cz/device/product-list/296"
INFO:freshpoint_sync.client:Closing client session for "https://my.freshpoint.cz".
DEBUG:freshpoint_sync.client:Successfully closed client session for "https://my.freshpoint.cz".
DEBUG:asyncio:Using proactor: IocpProactor
INFO:freshpoint_sync.client:Starting new client session for "https://my.freshpoint.cz".
DEBUG:freshpoint_sync.client:Successfully opened client session for "https://my.freshpoint.cz".
INFO:freshpoint_sync.client:Fetching data from "https://my.freshpoint.cz/device/product-list/296"
DEBUG:freshpoint_sync.client:Successfully fetched data from "https://my.freshpoint.cz/device/product-list/296"
INFO:freshpoint_sync.client:Fetching data from "https://my.freshpoint.cz/device/product-list/296"
DEBUG:freshpoint_sync.client:Successfully fetched data from "https://my.freshpoint.cz/device/product-list/296"
INFO:freshpoint_sync.client:Closing client session for "https://my.freshpoint.cz".
DEBUG:freshpoint_sync.client:Successfully closed client session for "https://my.freshpoint.cz".
DEBUG:asyncio:Using proactor: IocpProactor
DEBUG:asyncio:Using proactor: IocpProactor
DEBUG:asyncio:Using proactor: IocpProactor
DEBUG:asyncio:Using proactor: IocpProactor
DEBUG:asyncio:Using proactor: IocpProactor
DEBUG:asyncio:Using proactor: IocpProactor
DEBUG:asyncio:Using proactor: IocpProactor
DEBUG:asyncio:Using proactor: IocpProactor
DEBUG:asyncio:Using proactor: IocpProactor
DEBUG:asyncio:Using proactor: IocpProactor
DEBUG:asyncio:Using proactor: IocpProactor
DEBUG:asyncio:Using proactor: IocpProactor
DEBUG:asyncio:Using proactor: IocpProactor
DEBUG:asyncio:Using proactor: IocpProactor
DEBUG:asyncio:Using proactor: IocpProactor
DEBUG:asyncio:Using proactor: IocpProactor
DEBUG:asyncio:Using proactor: IocpProactor
DEBUG:asyncio:Using proactor: IocpProactor
DEBUG:asyncio:Using proactor: IocpProactor
DEBUG:asyncio:Using proactor: IocpProactor
DEBUG:asyncio:Using proactor: IocpProactor
DEBUG:asyncio:Using proactor: IocpProactor
DEBUG:asyncio:Using proactor: IocpProactor
DEBUG:asyncio:Using proactor: IocpProactor
DEBUG:asyncio:Using proactor: IocpProactor
DEBUG:asyncio:Using proactor: IocpProactor
DEBUG:asyncio:Using proactor: IocpProactor
DEBUG:asyncio:Using proactor: IocpProactor
DEBUG:asyncio:Using proactor: IocpProactor
DEBUG:asyncio:Using proactor: IocpProactor
DEBUG:asyncio:Using proactor: IocpProactor
DEBUG:asyncio:Using proactor: IocpProactor
DEBUG:asyncio:Using proactor: IocpProactor
DEBUG:asyncio:Using proactor: IocpProactor
DEBUG:asyncio:Using proactor: IocpProactor
DEBUG:asyncio:Using proactor: IocpProactor
DEBUG:asyncio:Using proactor: IocpProactor
DEBUG:asyncio:Using proactor: IocpProactor
DEBUG:asyncio:Using proactor: IocpProactor
DEBUG:asyncio:Using proactor: IocpProactor
DEBUG:asyncio:Using proactor: IocpProactor
DEBUG:asyncio:Using proactor: IocpProactor
DEBUG:asyncio:Using proactor: IocpProactor
DEBUG:asyncio:Using proactor: IocpProactor
DEBUG:asyncio:Using proactor: IocpProactor
DEBUG:asyncio:Using proactor: IocpProactor
DEBUG:asyncio:Using proactor: IocpProactor
DEBUG:asyncio:Using proactor: IocpProactor
DEBUG:asyncio:Using proactor: IocpProactor
DEBUG:asyncio:Using proactor: IocpProactor
DEBUG:asyncio:Using proactor: IocpProactor
DEBUG:asyncio:Using proactor: IocpProactor
DEBUG:asyncio:Using proactor: IocpProactor
DEBUG:asyncio:Using proactor: IocpProactor
DEBUG:asyncio:Using proactor: IocpProactor
WARNING:root:d None
DEBUG:asyncio:Using proactor: IocpProactor
DEBUG:asyncio:Using proactor: IocpProactor
WARNING:root:y None
DEBUG:asyncio:Using proactor: IocpProactor
WARNING:root:;d None
WARNING:root:;d None
WARNING:root:;dw None
WARNING:root:;dw; None
WARNING:root:;dw;d None
WARNING:root:d None
WARNING:root:dd None
WARNING:root:ddd None
WARNING:root:da None
WARNING:root:dad None
WARNING:root:dd None
WARNING:root:da None
DEBUG:asyncio:Using proactor: IocpProactor
DEBUG:asyncio:Using proactor: IocpProactor
DEBUG:asyncio:Using proactor: IocpProactor
WARNING:root:' None
DEBUG:asyncio:Using proactor: IocpProactor
